[    0.000000] Linux version 4.15.0-212-generic (buildd@lcy02-amd64-083) (gcc version 7.5.0 (Ubuntu 7.5.0-3ubuntu1~18.04)) #223-Ubuntu SMP Tue May 23 13:09:22 UTC 2023 (Ubuntu 4.15.0-212.223-generic 4.15.18)
[    0.000000] Command line: BOOT_IMAGE=/boot/vmlinuz-4.15.0-212-generic root=LABEL=cloudimg-rootfs ro console=tty1 console=ttyS0
[    0.000000] KERNEL supported cpus:
[    0.000000]   Intel GenuineIntel
[    0.000000]   AMD AuthenticAMD
[    0.000000]   Centaur CentaurHauls
[    0.000000] x86/fpu: x87 FPU will use FXSAVE
[    0.000000] e820: BIOS-provided physical RAM map:
[    0.000000] BIOS-e820: [mem 0x0000000000000000-0x000000000009fbff] usable
[    0.000000] BIOS-e820: [mem 0x000000000009fc00-0x000000000009ffff] reserved
[    0.000000] BIOS-e820: [mem 0x00000000000f0000-0x00000000000fffff] reserved
[    0.000000] BIOS-e820: [mem 0x0000000000100000-0x000000003ffeffff] usable
[    0.000000] BIOS-e820: [mem 0x000000003fff0000-0x000000003fffffff] ACPI data
[    0.000000] BIOS-e820: [mem 0x00000000fec00000-0x00000000fec00fff] reserved
[    0.000000] BIOS-e820: [mem 0x00000000fee00000-0x00000000fee00fff] reserved
[    0.000000] BIOS-e820: [mem 0x00000000fffc0000-0x00000000ffffffff] reserved
[    0.000000] NX (Execute Disable) protection: active
[    0.000000] SMBIOS 2.5 present.
[    0.000000] DMI: innotek GmbH VirtualBox/VirtualBox, BIOS VirtualBox 12/01/2006
[    0.000000] Hypervisor detected: KVM
[    0.000000] e820: last_pfn = 0x3fff0 max_arch_pfn = 0x400000000
[    0.000000] MTRR: Disabled
[    0.000000] x86/PAT: MTRRs disabled, skipping PAT initialization too.
[    0.000000] CPU MTRRs all blank - virtualized system.
[    0.000000] x86/PAT: Configuration [0-7]: WB  WT  UC- UC  WB  WT  UC- UC  
[    0.000000] found SMP MP-table at [mem 0x0009fff0-0x0009ffff]
[    0.000000] Scanning 1 areas for low memory corruption
[    0.000000] RAMDISK: [mem 0x359cb000-0x36cdcfff]
[    0.000000] ACPI: Early table checksum verification disabled
[    0.000000] ACPI: RSDP 0x00000000000E0000 000024 (v02 VBOX  )
[    0.000000] ACPI: XSDT 0x000000003FFF0030 00003C (v01 VBOX   VBOXXSDT 00000001 ASL  00000061)
[    0.000000] ACPI: FACP 0x000000003FFF00F0 0000F4 (v04 VBOX   VBOXFACP 00000001 ASL  00000061)
[    0.000000] ACPI: DSDT 0x000000003FFF0610 002353 (v02 VBOX   VBOXBIOS 00000002 INTL 20100528)
[    0.000000] ACPI: FACS 0x000000003FFF0200 000040
[    0.000000] ACPI: FACS 0x000000003FFF0200 000040
[    0.000000] ACPI: APIC 0x000000003FFF0240 00005C (v02 VBOX   VBOXAPIC 00000001 ASL  00000061)
[    0.000000] ACPI: SSDT 0x000000003FFF02A0 00036C (v01 VBOX   VBOXCPUT 00000002 INTL 20100528)
[    0.000000] ACPI: Reserving FACP table memory at [mem 0x3fff00f0-0x3fff01e3]
[    0.000000] ACPI: Reserving DSDT table memory at [mem 0x3fff0610-0x3fff2962]
[    0.000000] ACPI: Reserving FACS table memory at [mem 0x3fff0200-0x3fff023f]
[    0.000000] ACPI: Reserving FACS table memory at [mem 0x3fff0200-0x3fff023f]
[    0.000000] ACPI: Reserving APIC table memory at [mem 0x3fff0240-0x3fff029b]
[    0.000000] ACPI: Reserving SSDT table memory at [mem 0x3fff02a0-0x3fff060b]
[    0.000000] No NUMA configuration found
[    0.000000] Faking a node at [mem 0x0000000000000000-0x000000003ffeffff]
[    0.000000] NODE_DATA(0) allocated [mem 0x3ffc5000-0x3ffeffff]
[    0.000000] kvm-clock: cpu 0, msr 0:3ff44001, primary cpu clock
[    0.000000] kvm-clock: Using msrs 4b564d01 and 4b564d00
[    0.000000] kvm-clock: using sched offset of 5726363491 cycles
[    0.000000] clocksource: kvm-clock: mask: 0xffffffffffffffff max_cycles: 0x1cd42e4dffb, max_idle_ns: 881590591483 ns
[    0.000000] Zone ranges:
[    0.000000]   DMA      [mem 0x0000000000001000-0x0000000000ffffff]
[    0.000000]   DMA32    [mem 0x0000000001000000-0x000000003ffeffff]
[    0.000000]   Normal   empty
[    0.000000]   Device   empty
[    0.000000] Movable zone start for each node
[    0.000000] Early memory node ranges
[    0.000000]   node   0: [mem 0x0000000000001000-0x000000000009efff]
[    0.000000]   node   0: [mem 0x0000000000100000-0x000000003ffeffff]
[    0.000000] Reserved but unavailable: 104 pages
[    0.000000] Initmem setup node 0 [mem 0x0000000000001000-0x000000003ffeffff]
[    0.000000] ACPI: PM-Timer IO Port: 0x4008
[    0.000000] IOAPIC[0]: apic_id 2, version 32, address 0xfec00000, GSI 0-23
[    0.000000] ACPI: INT_SRC_OVR (bus 0 bus_irq 0 global_irq 2 dfl dfl)
[    0.000000] ACPI: INT_SRC_OVR (bus 0 bus_irq 9 global_irq 9 low level)
[    0.000000] Using ACPI (MADT) for SMP configuration information
[    0.000000] smpboot: Allowing 2 CPUs, 0 hotplug CPUs
[    0.000000] PM: Registered nosave memory: [mem 0x00000000-0x00000fff]
[    0.000000] PM: Registered nosave memory: [mem 0x0009f000-0x0009ffff]
[    0.000000] PM: Registered nosave memory: [mem 0x000a0000-0x000effff]
[    0.000000] PM: Registered nosave memory: [mem 0x000f0000-0x000fffff]
[    0.000000] e820: [mem 0x40000000-0xfebfffff] available for PCI devices
[    0.000000] Booting paravirtualized kernel on KVM
[    0.000000] clocksource: refined-jiffies: mask: 0xffffffff max_cycles: 0xffffffff, max_idle_ns: 7645519600211568 ns
[    0.000000] setup_percpu: NR_CPUS:8192 nr_cpumask_bits:2 nr_cpu_ids:2 nr_node_ids:1
[    0.000000] percpu: Embedded 50 pages/cpu s167936 r8192 d28672 u1048576
[    0.000000] PV qspinlock hash table entries: 256 (order: 0, 4096 bytes)
[    0.000000] Built 1 zonelists, mobility grouping on.  Total pages: 257913
[    0.000000] Policy zone: DMA32
[    0.000000] Kernel command line: BOOT_IMAGE=/boot/vmlinuz-4.15.0-212-generic root=LABEL=cloudimg-rootfs ro console=tty1 console=ttyS0
[    0.000000] Memory: 982644K/1048120K available (12300K kernel code, 2477K rwdata, 4324K rodata, 2480K init, 2720K bss, 65476K reserved, 0K cma-reserved)
[    0.000000] SLUB: HWalign=64, Order=0-3, MinObjects=0, CPUs=2, Nodes=1
[    0.000000] Kernel/User page tables isolation: enabled
[    0.000000] ftrace: allocating 39508 entries in 155 pages
[    0.004000] Hierarchical RCU implementation.
[    0.004000] 	RCU restricting CPUs from NR_CPUS=8192 to nr_cpu_ids=2.
[    0.004000] 	Tasks RCU enabled.
[    0.004000] RCU: Adjusting geometry for rcu_fanout_leaf=16, nr_cpu_ids=2
[    0.004000] NR_IRQS: 524544, nr_irqs: 440, preallocated irqs: 16
[    0.004000] random: crng init done
[    0.004000] Console: colour VGA+ 80x25
[    0.004000] console [tty1] enabled
[    0.004000] console [ttyS0] enabled
[    0.004000] ACPI: Core revision 20170831
[    0.004000] ACPI: 2 ACPI AML tables successfully acquired and loaded
[    0.004000] APIC: Switch to symmetric I/O mode setup
[    0.008000] ..TIMER: vector=0x30 apic1=0 pin1=2 apic2=-1 pin2=-1
[    0.008011] tsc: Detected 1995.379 MHz processor
[    0.012021] Calibrating delay loop (skipped) preset value.. 3990.75 BogoMIPS (lpj=7981516)
[    0.016010] pid_max: default: 32768 minimum: 301
[    0.020144] Security Framework initialized
[    0.024009] Yama: becoming mindful.
[    0.028198] AppArmor: AppArmor initialized
[    0.044136] Dentry cache hash table entries: 131072 (order: 8, 1048576 bytes)
[    0.054590] Inode-cache hash table entries: 65536 (order: 7, 524288 bytes)
[    0.056170] Mount-cache hash table entries: 2048 (order: 2, 16384 bytes)
[    0.060140] Mountpoint-cache hash table entries: 2048 (order: 2, 16384 bytes)
[    0.072855] Last level iTLB entries: 4KB 64, 2MB 8, 4MB 8
[    0.076005] Last level dTLB entries: 4KB 64, 2MB 0, 4MB 0, 1GB 4
[    0.080008] Spectre V1 : Mitigation: usercopy/swapgs barriers and __user pointer sanitization
[    0.084007] Spectre V2 : Mitigation: Retpolines
[    0.088005] Spectre V2 : Spectre v2 / SpectreRSB mitigation: Filling RSB on context switch
[    0.092005] Spectre V2 : Spectre v2 / SpectreRSB : Filling RSB on VMEXIT
[    0.096008] Speculative Store Bypass: Vulnerable
[    0.100072] MDS: Mitigation: Clear CPU buffers
[    0.104006] MMIO Stale Data: Unknown: No mitigations
[    0.108008] SRBDS: Unknown: Dependent on hypervisor status
[    0.112260] Freeing SMP alternatives memory: 36K
[    0.232000] smpboot: CPU0: Intel(R) Core(TM) i3-5005U CPU @ 2.00GHz (family: 0x6, model: 0x3d, stepping: 0x4)
[    0.232000] Performance Events: unsupported p6 CPU model 61 no PMU driver, software events only.
[    0.232000] Hierarchical SRCU implementation.
[    0.233501] NMI watchdog: Perf event create on CPU 0 failed with -2
[    0.236008] NMI watchdog: Perf NMI watchdog permanently disabled
[    0.244277] smp: Bringing up secondary CPUs ...
[    0.250249] x86: Booting SMP configuration:
[    0.252012] .... node  #0, CPUs:      #1
[    0.004000] kvm-clock: cpu 1, msr 0:3ff44041, secondary cpu clock
[    0.290540] TSC synchronization [CPU#0 -> CPU#1]:
[    0.292000] Measured 121358 cycles TSC warp between CPUs, turning off TSC clock.
[    0.292000] tsc: Marking TSC unstable due to check_tsc_sync_source failed
[    0.296684] smp: Brought up 1 node, 2 CPUs
[    0.304015] smpboot: Max logical packages: 1
[    0.308013] smpboot: Total of 2 processors activated (7981.51 BogoMIPS)
[    0.316012] devtmpfs: initialized
[    0.320217] x86/mm: Memory block size: 128MB
[    0.324871] evm: security.selinux
[    0.328016] evm: security.SMACK64
[    0.332016] evm: security.SMACK64EXEC
[    0.336009] evm: security.SMACK64TRANSMUTE
[    0.340009] evm: security.SMACK64MMAP
[    0.344008] evm: security.apparmor
[    0.348010] evm: security.ima
[    0.352011] evm: security.capability
[    0.364225] clocksource: jiffies: mask: 0xffffffff max_cycles: 0xffffffff, max_idle_ns: 7645041785100000 ns
[    0.368025] futex hash table entries: 512 (order: 3, 32768 bytes)
[    0.376463] pinctrl core: initialized pinctrl subsystem
[    0.381207] RTC time: 18:02:42, date: 06/27/23
[    0.389464] NET: Registered protocol family 16
[    0.392281] audit: initializing netlink subsys (disabled)
[    0.396514] audit: type=2000 audit(1687888968.417:1): state=initialized audit_enabled=0 res=1
[    0.424043] cpuidle: using governor ladder
[    0.428026] cpuidle: using governor menu
[    0.432140] ACPI: bus type PCI registered
[    0.436011] acpiphp: ACPI Hot Plug PCI Controller Driver version: 0.5
[    0.441221] PCI: Using configuration type 1 for base access
[    0.456755] HugeTLB registered 2.00 MiB page size, pre-allocated 0 pages
[    0.465017] ACPI: Added _OSI(Module Device)
[    0.468010] ACPI: Added _OSI(Processor Device)
[    0.472009] ACPI: Added _OSI(3.0 _SCP Extensions)
[    0.476009] ACPI: Added _OSI(Processor Aggregator Device)
[    0.480011] ACPI: Added _OSI(Linux-Dell-Video)
[    0.484016] ACPI: Added _OSI(Linux-Lenovo-NV-HDMI-Audio)
[    0.488011] ACPI: Added _OSI(Linux-HPI-Hybrid-Graphics)
[    0.493918] ACPI: Executed 1 blocks of module-level executable AML code
[    0.506029] ACPI: Interpreter enabled
[    0.508033] ACPI: (supports S0 S5)
[    0.512008] ACPI: Using IOAPIC for interrupt routing
[    0.516913] PCI: Using host bridge windows from ACPI; if necessary, use "pci=nocrs" and report a bug
[    0.520591] ACPI: Enabled 2 GPEs in block 00 to 07
[    0.550436] ACPI: PCI Root Bridge [PCI0] (domain 0000 [bus 00-ff])
[    0.552023] acpi PNP0A03:00: _OSC: OS supports [ASPM ClockPM Segments MSI]
[    0.560642] acpi PNP0A03:00: _OSC: not requesting OS control; OS requires [ExtendedConfig ASPM ClockPM MSI]
[    0.564032] acpi PNP0A03:00: fail to add MMCONFIG information, can't access extended PCI configuration space under this bridge.
[    0.569739] PCI host bridge to bus 0000:00
[    0.572013] pci_bus 0000:00: root bus resource [io  0x0000-0x0cf7 window]
[    0.576016] pci_bus 0000:00: root bus resource [io  0x0d00-0xffff window]
[    0.580014] pci_bus 0000:00: root bus resource [mem 0x000a0000-0x000bffff window]
[    0.584013] pci_bus 0000:00: root bus resource [mem 0x40000000-0xfdffffff window]
[    0.588010] pci_bus 0000:00: root bus resource [bus 00-ff]
[    0.614207] pci 0000:00:01.1: legacy IDE quirk: reg 0x10: [io  0x01f0-0x01f7]
[    0.616010] pci 0000:00:01.1: legacy IDE quirk: reg 0x14: [io  0x03f6]
[    0.620011] pci 0000:00:01.1: legacy IDE quirk: reg 0x18: [io  0x0170-0x0177]
[    0.624010] pci 0000:00:01.1: legacy IDE quirk: reg 0x1c: [io  0x0376]
[    0.677149] pci 0000:00:07.0: quirk: [io  0x4000-0x403f] claimed by PIIX4 ACPI
[    0.680089] pci 0000:00:07.0: quirk: [io  0x4100-0x410f] claimed by PIIX4 SMB
[    0.710308] ACPI: PCI Interrupt Link [LNKA] (IRQs 5 9 10 *11)
[    0.714406] ACPI: PCI Interrupt Link [LNKB] (IRQs 5 9 *10 11)
[    0.721079] ACPI: PCI Interrupt Link [LNKC] (IRQs 5 *9 10 11)
[    0.728019] ACPI: PCI Interrupt Link [LNKD] (IRQs 5 9 10 *11)
[    0.736163] SCSI subsystem initialized
[    0.744276] pci 0000:00:02.0: vgaarb: setting as boot VGA device
[    0.748000] pci 0000:00:02.0: vgaarb: VGA device added: decodes=io+mem,owns=io+mem,locks=none
[    0.748018] pci 0000:00:02.0: vgaarb: bridge control possible
[    0.752008] vgaarb: loaded
[    0.760198] ACPI: bus type USB registered
[    0.764048] usbcore: registered new interface driver usbfs
[    0.768088] usbcore: registered new interface driver hub
[    0.772027] usbcore: registered new device driver usb
[    0.776503] EDAC MC: Ver: 3.0.0
[    0.784824] PCI: Using ACPI for IRQ routing
[    0.791076] NetLabel: Initializing
[    0.792008] NetLabel:  domain hash size = 128
[    0.796007] NetLabel:  protocols = UNLABELED CIPSOv4 CALIPSO
[    0.804045] NetLabel:  unlabeled traffic allowed by default
[    0.808455] clocksource: Switched to clocksource kvm-clock
[    0.851973] VFS: Disk quotas dquot_6.6.0
[    0.851973] VFS: Dquot-cache hash table entries: 512 (order 0, 4096 bytes)
[    0.851973] AppArmor: AppArmor Filesystem Enabled
[    0.851973] pnp: PnP ACPI init
[    0.851973] pnp: PnP ACPI: found 3 devices
[    1.047532] clocksource: acpi_pm: mask: 0xffffff max_cycles: 0xffffff, max_idle_ns: 2085701024 ns
[    1.064909] NET: Registered protocol family 2
[    1.068719] IP idents hash table entries: 16384 (order: 5, 131072 bytes)
[    1.089703] TCP established hash table entries: 8192 (order: 4, 65536 bytes)
[    1.104086] TCP bind hash table entries: 8192 (order: 5, 131072 bytes)
[    1.117808] TCP: Hash tables configured (established 8192 bind 8192)
[    1.120749] UDP hash table entries: 512 (order: 2, 16384 bytes)
[    1.120749] UDP-Lite hash table entries: 512 (order: 2, 16384 bytes)
[    1.120749] NET: Registered protocol family 1
[    1.120749] pci 0000:00:00.0: Limiting direct PCI/PCI transfers
[    1.120749] pci 0000:00:01.0: Activating ISA DMA hang workarounds
[    1.120749] pci 0000:00:02.0: Video device with shadowed ROM at [mem 0x000c0000-0x000dffff]
[    1.120749] Unpacking initramfs...
[    2.228864] Freeing initrd memory: 19528K
[    2.230090] clocksource: tsc: mask: 0xffffffffffffffff max_cycles: 0x398642b8c65, max_idle_ns: 881590773603 ns
[    2.230090] platform rtc_cmos: registered platform RTC device (no PNP device found)
[    2.230090] Scanning for low memory corruption every 60 seconds
[    2.343908] Initialise system trusted keyrings
[    2.352990] Key type blacklist registered
[    2.362066] workingset: timestamp_bits=36 max_order=18 bucket_order=0
[    2.378363] zbud: loaded
[    2.387225] squashfs: version 4.0 (2009/01/31) Phillip Lougher
[    2.401828] fuse init (API version 7.26)
[    2.456444] Key type asymmetric registered
[    2.465764] Asymmetric key parser 'x509' registered
[    2.477028] Block layer SCSI generic (bsg) driver version 0.4 loaded (major 246)
[    2.493370] io scheduler noop registered
[    2.502243] io scheduler deadline registered
[    2.511948] io scheduler cfq registered (default)
[    2.523608] ACPI: AC Adapter [AC] (on-line)
[    2.533558] input: Power Button as /devices/LNXSYSTM:00/LNXPWRBN:00/input/input0
[    2.549734] ACPI: Power Button [PWRF]
[    2.558530] input: Sleep Button as /devices/LNXSYSTM:00/LNXSLPBN:00/input/input1
[    2.574330] ACPI: Sleep Button [SLPF]
[    2.587986] ACPI: Battery Slot [BAT0] (battery present)
[    2.592826] Serial: 8250/16550 driver, 32 ports, IRQ sharing enabled
   2.617437] 00:02: ttyS0 at I/O 0x3f8 (irq = 4, base_baud = 115200) is a 16550A
[    3.108211] Linux agpgart interface v0.103
[    3.138030] loop: module loaded
[    3.150523] scsi host0: ata_piix
[    3.159733] scsi host1: ata_piix
[    3.163625] ata1: PATA max UDMA/33 cmd 0x1f0 ctl 0x3f6 bmdma 0xd000 irq 14
[    3.163625] ata2: PATA max UDMA/33 cmd 0x170 ctl 0x376 bmdma 0xd008 irq 15
[    3.193555] tun: Universal TUN/TAP device driver, 1.6
[    3.206259] PPP generic driver version 2.4.2
[    3.214865] ehci_hcd: USB 2.0 'Enhanced' Host Controller (EHCI) Driver
[    3.218647] ehci-pci: EHCI PCI platform driver
[    3.236831] ehci-platform: EHCI generic platform driver
[    3.240665] ohci_hcd: USB 1.1 'Open' Host Controller (OHCI) Driver
[    3.240665] ohci-pci: OHCI PCI platform driver
[    3.240665] ohci-platform: OHCI generic platform driver
[    3.240665] uhci_hcd: USB Universal Host Controller Interface driver
[    3.240665] i8042: PNP: PS/2 Controller [PNP0303:PS2K,PNP0f03:PS2M] at 0x60,0x64 irq 1,12
[    3.240665] serio: i8042 KBD port at 0x60,0x64 irq 1
[    3.240665] serio: i8042 AUX port at 0x60,0x64 irq 12
[    3.240665] mousedev: PS/2 mouse device common for all mice
[    3.349631] rtc_cmos rtc_cmos: rtc core: registered rtc_cmos as rtc0
[    3.373143] rtc_cmos rtc_cmos: alarms up to one day, 114 bytes nvram
[    3.387400] i2c /dev entries driver
[    3.396087] device-mapper: uevent: version 1.0.3
[    3.409370] device-mapper: ioctl: 4.37.0-ioctl (2017-09-20) initialised: dm-devel@redhat.com
[    3.476794] input: AT Translated Set 2 keyboard as /devices/platform/i8042/serio0/input/input2
[    3.495025] ledtrig-cpu: registered to indicate activity on CPUs
[    3.513141] NET: Registered protocol family 10
[    3.545368] Segment Routing with IPv6
[    3.552989] NET: Registered protocol family 17
[    3.562702] Key type dns_resolver registered
[    3.572924] mce: Using 0 MCE banks
[    3.580400] RAS: Correctable Errors collector initialized.
[    3.591269] sched_clock: Marking stable (3591156640, 0)->(5791378740, -2200222100)
[    3.614373] registered taskstats version 1
[    3.622883] Loading compiled-in X.509 certificates
[    3.643484] Loaded X.509 cert 'Build time autogenerated kernel key: b5b26778eaa3ab3a4a6cee031137706e947d12ad'
[    3.663781] Loaded X.509 cert 'Canonical Ltd. Live Patch Signing: 14df34d1a87cf37625abec039ef2bf521249b969'
[    3.683661] Loaded X.509 cert 'Canonical Ltd. Kernel Module Signing: 88f752e560a1e0737e31163a466ad7b70a850c19'
[    3.702946] blacklist: Loading compiled-in revocation X.509 certificates
[    3.716524] Loaded X.509 cert 'Canonical Ltd. Secure Boot Signing: 61482aa2830d0ab2ad5af10b7250da9033ddcef0'
[    3.735175] Loaded X.509 cert 'Canonical Ltd. Secure Boot Signing (2017): 242ade75ac4a15e50d50c84b0d45ff3eae707a03'
[    3.755285] Loaded X.509 cert 'Canonical Ltd. Secure Boot Signing (ESM 2018): 365188c1d374d6b07c3c8f240f8ef722433d6a8b'
[    3.777950] Loaded X.509 cert 'Canonical Ltd. Secure Boot Signing (2019): c0746fd6c5da3ae827864651ad66ae47fe24b3e8'
[    3.799047] Loaded X.509 cert 'Canonical Ltd. Secure Boot Signing (2021 v1): a8d54bbb3825cfb94fa13c9f8a594a195c107b8d'
[    3.820270] Loaded X.509 cert 'Canonical Ltd. Secure Boot Signing (2021 v2): 4cf046892d6fd3c9a5b03f98d845f90851dc6a8c'
[    3.841493] Loaded X.509 cert 'Canonical Ltd. Secure Boot Signing (2021 v3): 100437bb6de6e469b581e61cd66bce3ef4ed53af'
[    3.862201] Loaded X.509 cert 'Canonical Ltd. Secure Boot Signing (Ubuntu Core 2019): c1d57b8f6b743f23ee41f4f7ee292f06eecadfb9'
[    3.884317] zswap: loaded using pool lzo/zbud
[    3.918888] Key type big_key registered
[    3.926852] Key type trusted registered
[    3.945331] Key type encrypted registered
[    3.953469] AppArmor: AppArmor sha1 policy hashing enabled
[    3.964288] ima: No TPM chip found, activating TPM-bypass! (rc=-19)
[    3.976783] ima: Allocated hash algorithm: sha1
[    3.986235] evm: HMAC attrs: 0x1
[    3.994677]   Magic number: 11:899:39
[    4.002516] bdi 7:4: hash matches
[    4.010581] rtc_cmos rtc_cmos: setting system clock to 2023-06-27 18:02:46 UTC (1687888966)
[    4.027752] BIOS EDD facility v0.16 2004-Jun-25, 0 devices found
[    4.041210] EDD information not available.
[    4.058123] Freeing unused kernel image memory: 2480K
[    4.101422] Write protecting the kernel read-only data: 20480k
[    4.115493] Freeing unused kernel image memory: 2008K
[    4.127970] Freeing unused kernel image memory: 1820K
[    4.147869] x86/mm: Checked W+X mappings: passed, no W+X pages found.
[    4.159782] x86/mm: Checking user space page tables
[    4.178098] x86/mm: Checked W+X mappings: passed, no W+X pages found.
Loading, please wait...
starting version 237
[    4.422040] e1000: Intel(R) PRO/1000 Network Driver - version 7.3.21-k8-NAPI
[    4.439412] e1000: Copyright (c) 1999-2006 Intel Corporation.
[    4.502717] Fusion MPT base driver 3.04.20
[    4.514400] Copyright (c) 1999-2008 LSI Corporation
[    4.554079] SSE version of gcm_enc/dec engaged.
[    4.582600] Fusion MPT SPI Host driver 3.04.20
[    4.764856] input: ImExPS/2 Generic Explorer Mouse as /devices/platform/i8042/serio1/input/input4
[    5.687527] e1000 0000:00:03.0 eth0: (PCI:33MHz:32-bit) 02:3b:7b:b7:3b:2d
[    5.701602] e1000 0000:00:03.0 eth0: Intel(R) PRO/1000 Network Connection
[    6.806402] e1000 0000:00:08.0 eth1: (PCI:33MHz:32-bit) 08:00:27:1b:ea:17
[    6.826078] e1000 0000:00:08.0 eth1: Intel(R) PRO/1000 Network Connection
[    6.855634] e1000 0000:00:08.0 enp0s8: renamed from eth1
[    6.876967] mptbase: ioc0: Initiating bringup
[    8.256680] e1000 0000:00:03.0 enp0s3: renamed from eth0
[    8.313977] ioc0: LSI53C1030 A0: Capabilities={Initiator}
[   10.149289] scsi host2: ioc0: LSI53C1030 A0, FwRev=00000000h, Ports=1, MaxQ=256, IRQ=20
[   10.372911] scsi 2:0:0:0: Direct-Access     VBOX     HARDDISK         1.0  PQ: 0 ANSI: 5
[   10.440941] scsi target2:0:0: Beginning Domain Validation
[   10.479226] scsi target2:0:0: Domain Validation skipping write tests
[   10.492198] scsi target2:0:0: Ending Domain Validation
[   10.504853] scsi target2:0:0: asynchronous
[   10.519139] scsi 2:0:1:0: Direct-Access     VBOX     HARDDISK         1.0  PQ: 0 ANSI: 5
[   10.564803] scsi target2:0:1: Beginning Domain Validation
[   10.593638] scsi target2:0:1: Domain Validation skipping write tests
[   10.606963] scsi target2:0:1: Ending Domain Validation
[   10.618984] scsi target2:0:1: asynchronous
[   10.658971] sd 2:0:0:0: Attached scsi generic sg0 type 0
[   10.673204] sd 2:0:0:0: [sda] 83886080 512-byte logical blocks: (42.9 GB/40.0 GiB)
[   10.676786] sd 2:0:1:0: Attached scsi generic sg1 type 0
[   10.701209] sd 2:0:0:0: [sda] Write Protect is off
[   10.714661] sd 2:0:1:0: [sdb] 20480 512-byte logical blocks: (10.5 MB/10.0 MiB)
[   10.729749] sd 2:0:0:0: [sda] Incomplete mode parameter data
[   10.742030] sd 2:0:0:0: [sda] Assuming drive cache: write through
[   10.756598] sd 2:0:1:0: [sdb] Write Protect is off
[   10.770529] sd 2:0:1:0: [sdb] Incomplete mode parameter data
[   10.782106] sd 2:0:1:0: [sdb] Assuming drive cache: write through
[   10.800848]  sda: sda1
[   10.814376] sd 2:0:1:0: [sdb] Attached SCSI disk
[   10.826933] sd 2:0:0:0: [sda] Attached SCSI disk
Begin: Loading essential drivers ... [   14.616353] raid6: sse2x1   gen()  5172 MB/s
[   14.672929] raid6: sse2x1   xor()  3700 MB/s
[   14.728919] raid6: sse2x2   gen()  7235 MB/s
[   14.784551] raid6: sse2x2   xor()  4273 MB/s
[   14.840922] raid6: sse2x4   gen()  8661 MB/s
[   14.898445] raid6: sse2x4   xor()  5237 MB/s
[   14.907005] raid6: using algorithm sse2x4 gen() 8661 MB/s
[   14.918160] raid6: .... xor() 5237 MB/s, rmw enabled
[   14.928296] raid6: using ssse3x2 recovery algorithm
[   14.944144] xor: measuring software checksum speed
[   18.232985]    prefetch64-sse: -1499779.-296 MB/sec
[   20.307612]    generic_sse: -1691962.-296 MB/sec
[   20.318307] xor: using function: prefetch64-sse (-1499779.-296 MB/sec)
[   20.336454] async_tx: api initialized (async)
done.
Begin: Running /scripts/init-premount ... done.
Begin: Mounting root file system ... Begin: Running /scripts/local-top ... done.
Begin: Running /scripts/local-premount ... [   20.485665] Btrfs loaded, crc32c=crc32c-intel
Scanning for Btrfs filesystems
done.
Warning: fsck not present, so skipping root file system
[   20.610560] EXT4-fs (sda1): INFO: recovery required on readonly filesystem
[   20.625321] EXT4-fs (sda1): write access will be enabled during recovery
[   21.621611] EXT4-fs (sda1): recovery complete
[   21.634287] EXT4-fs (sda1): mounted filesystem with ordered data mode. Opts: (null)
done.
Begin: Running /scripts/local-bottom ... done.
Begin: Running /scripts/init-bottom ... done.
[   22.110778] ip_tables: (C) 2000-2006 Netfilter Core Team
[   22.172644] systemd[1]: systemd 237 running in system mode. (+PAM +AUDIT +SELINUX +IMA +APPARMOR +SMACK +SYSVINIT +UTMP +LIBCRYPTSETUP +GCRYPT +GNUTLS +ACL +XZ +LZ4 +SECCOMP +BLKID +ELFUTILS +KMOD -IDN2 +IDN -PCRE2 default-hierarchy=hybrid)
[   22.224822] systemd[1]: Detected virtualization oracle.
[   22.239739] systemd[1]: Detected architecture x86-64.

Welcome to [1mUbuntu 18.04.6 LTS[0m!

[   22.352763] systemd[1]: Set hostname to <web01>.
[   23.033226] systemd[1]: Started Forward Password Requests to Wall Directory Watch.
[[0;32m  OK  [0m] Started Forward Password Requests to Wall Directory Watch.
[   23.081838] systemd[1]: Created slice System Slice.
[[0;32m  OK  [0m] Created slice System Slice.
[   23.096833] systemd[1]: Reached target Swap.
[[0;32m  OK  [0m] Reached target Swap.
[   23.110534] systemd[1]: Listening on Journal Audit Socket.
[[0;32m  OK  [0m] Listening on Journal Audit Socket.
[   23.127929] systemd[1]: Listening on LVM2 metadata daemon socket.
[[0;32m  OK  [0m] Listening on LVM2 metadata daemon socket.
[   23.145204] systemd[1]: Listening on fsck to fsckd communication Socket.
[[0;32m  OK  [0m] Listening on fsck to fsckd communication Socket.
[[0;32m  OK  [0m] Reached target User and Group Name Lookups.
[[0;32m  OK  [0m] Listening on Network Service Netlink Socket.
[[0;32m  OK  [0m] Created slice system-serial\x2dgetty.slice.
[[0;32m  OK  [0m] Created slice User and Session Slice.
[[0;32m  OK  [0m] Reached target Slices.
[[0;32m  OK  [0m] Reached target Mounting snaps.
[[0;32m  OK  [0m] Listening on udev Kernel Socket.
[[0;32m  OK  [0m] Set up automount Arbitrary Executab…rmats File System Automount Point.
[[0;32m  OK  [0m] Listening on udev Control Socket.
[[0;32m  OK  [0m] Listening on LVM2 poll daemon socket.
[[0;32m  OK  [0m] Listening on /dev/initctl Compatibility Named Pipe.
[[0;32m  OK  [0m] Reached target System Time Synchronized.
[[0;32m  OK  [0m] Listening on Journal Socket (/dev/log).
[[0;32m  OK  [0m] Reached target Mounted snaps.
[[0;32m  OK  [0m] Listening on Syslog Socket.
[[0;32m  OK  [0m] Listening on Device-mapper event daemon FIFOs.
[[0;32m  OK  [0m] Listening on Journal Socket.
         Starting udev Coldplug all Devices...
         Starting Monitoring of LVM2 mirrors…ng dmeventd or progress polling...
         Starting Set the console keyboard layout...
         Mounting Kernel Debug File System...
         Starting Journal Service...
         Starting Load Kernel Modules...
         Mounting POSIX Message Queue File System...
         Starting Uncomplicated firewall...
         Mounting Huge Pages File System...
         Starting File System Check on Root Device...
         Starting Create list of required st…ce nodes for the current kernel...
[[0;32m  OK  [0m] Mounted Kernel Debug File System.
[[0;32m  OK  [0m] Mounted POSIX Message Queue File System.
[[0;32m  OK  [0m] Started Uncomplicated firewall.
[[0;32m  OK  [0m] Mounted Huge Pages File System.
[[0;32m  OK  [0m] Started LVM2 metadata daemon.
[[0;32m  OK  [0m] Started Create list of required sta…vice nodes for the current kernel.
         Starting Create Static Device Nodes in /dev...
[   23.578981] Loading iSCSI transport class v2.0-870.
[[0;32m  OK  [0m] Started File System Check Daemon to report status.
[[0;32m  OK  [0m] Started Journal Service.
[[0;32m  OK  [0m] Started udev Coldplug all Devices.
[[0;32m  OK  [0m] Started Monitoring of LVM2 mirrors,…sing dmeventd or progress polling.
[[0;32m  OK  [0m] Started Create Static Device Nodes in /dev.
[   23.777253] iscsi: registered transport (tcp)
[[0;32m  OK  [0m] Started File System Check on Root Device.
         Starting Remount Root and Kernel File Systems...
[   23.855984] EXT4-fs (sda1): re-mounted. Opts: (null)
[[0;32m  OK  [0m] Started Remount Root and Kernel File Systems.
         Starting udev Kernel Device Manager...
         Starting Load/Save Random Seed...
         Starting Flush Journal to Persistent Storage...
[[0;32m  OK  [0m] Started Load/Save Random Seed.
[[0;32m  OK  [0m] Started Set the console keyboard layout.
[[0;32m  OK  [0m] Reached target Local File Systems (Pre).
[[0;32m  OK  [0m] Reached target Local File Systems.
         Starting AppArmor initialization...
         Starting Set console font and keymap...
         Starting ebtables ruleset management...
         Starting Tell Plymouth To Write Out Runtime Data...
[   24.035346] systemd-journald[404]: Received request to flush runtime journal from PID 1
[[0;32m  OK  [0m] Started Tell Plymouth To Write Out Runtime Data.
[[0;32m  OK  [0m] Started Set console font and keymap.
[   24.198360] iscsi: registered transport (iser)
[[0;32m  OK  [0m] Started Load Kernel Modules.
         Mounting Kernel Configuration File System...
         Starting Apply Kernel Variables...
         Mounting FUSE Control File System...
[[0;32m  OK  [0m] Started udev Kernel Device Manager.
[[0;32m  OK  [0m] Mounted Kernel Configuration File System.
[[0;32m  OK  [0m] Mounted FUSE Control File System.
[[0;32m  OK  [0m] Started Dispatch Password Requests to Console Directory Watch.
[[0;32m  OK  [0m] Reached target Local Encrypted Volumes.
[[0;32m  OK  [0m] Started Apply Kernel Variables.
[[0;32m  OK  [0m] Started Flush Journal to Persistent Storage.
         Starting Create Volatile Files and Directories...
[[0;32m  OK  [0m] Started ebtables ruleset management.
[[0;32m  OK  [0m] Started Create Volatile Files and Directories.
         Starting Update UTMP about System Boot/Shutdown...
[[0;32m  OK  [0m] Started Update UTMP about System Boot/Shutdown.
[[0;32m  OK  [0m] Started AppArmor initialization.
         Starting Load AppArmor profiles managed internally by snapd...
         Starting Initial cloud-init job (pre-networking)...
         Mounting Arbitrary Executable File Formats File System...
[[0;32m  OK  [0m] Mounted Arbitrary Executable File Formats File System.
[[0;32m  OK  [0m] Started Load AppArmor profiles managed internally by snapd.
[[0;32m  OK  [0m] Found device /dev/ttyS0.
[[0;32m  OK  [0m] Listening on Load/Save RF Kill Switch Status /dev/rfkill Watch.
[   29.415909] cloud-init[524]: Cloud-init v. 23.1.2-0ubuntu0~18.04.1 running 'init-local' at Tue, 27 Jun 2023 18:03:11 +0000. Up 29.02 seconds.
[[0;32m  OK  [0m] Started Initial cloud-init job (pre-networking).
[[0;32m  OK  [0m] Reached target Network (Pre).
         Starting Network Service...
[[0;32m  OK  [0m] Started Network Service.
         Starting Network Name Resolution...
         Starting Wait for Network to be Configured...
[[0;32m  OK  [0m] Started Network Name Resolution.
[[0;32m  OK  [0m] Reached target Host and Network Name Lookups.
[[0;32m  OK  [0m] Reached target Network.
